[debug] [2024-04-08T10:42:12.437Z] ----------------------------------------------------------------------
[debug] [2024-04-08T10:42:12.439Z] Command:       /usr/bin/node /usr/local/bin/firebase init
[debug] [2024-04-08T10:42:12.439Z] CLI Version:   10.9.2
[debug] [2024-04-08T10:42:12.439Z] Platform:      linux
[debug] [2024-04-08T10:42:12.439Z] Node Version:  v12.22.9
[debug] [2024-04-08T10:42:12.499Z] Time:          Mon Apr 08 2024 12:42:12 GMT+0200 (South Africa Standard Time)
[debug] [2024-04-08T10:42:12.499Z] ----------------------------------------------------------------------
[debug] 
[debug] [2024-04-08T10:42:12.502Z] >>> [apiv2][query] GET https://firebase-public.firebaseio.com/cli.json [none]
[debug] [2024-04-08T10:42:12.597Z] > command requires scopes: ["email","openid","https://www.googleapis.com/auth/cloudplatformprojects.readonly","https://www.googleapis.com/auth/firebase","https://www.googleapis.com/auth/cloud-platform"]
[debug] [2024-04-08T10:42:12.597Z] > authorizing via signed-in user (retieflouw@gmail.com)
[info] 
     ######## #### ########  ######## ########     ###     ######  ########
     ##        ##  ##     ## ##       ##     ##  ##   ##  ##       ##
     ######    ##  ########  ######   ########  #########  ######  ######
     ##        ##  ##    ##  ##       ##     ## ##     ##       ## ##
     ##       #### ##     ## ######## ########  ##     ##  ######  ########

You're about to initialize a Firebase project in this directory:

  /home/retief/Documents/MegaSynced/Other/Flare Co/Embellished by TJ/Bootstrap Website

[debug] [2024-04-08T10:42:13.277Z] <<< [apiv2][status] GET https://firebase-public.firebaseio.com/cli.json 200
[debug] [2024-04-08T10:42:13.277Z] <<< [apiv2][body] GET https://firebase-public.firebaseio.com/cli.json {"cloudBuildErrorAfter":1594252800000,"cloudBuildWarnAfter":1590019200000,"defaultNode10After":1594252800000,"minVersion":"3.0.5","node8DeploysDisabledAfter":1613390400000,"node8RuntimeDisabledAfter":1615809600000,"node8WarnAfter":1600128000000}
[info] 
=== Project Setup
[info] 
[info] First, let's associate this project directory with a Firebase project.
[info] You can create multiple project aliases by running firebase use --add, 
[info] but for now we'll just set up a default project.
[info] 
